<?xml version="1.0" encoding="UTF-8"?>
<!-- Generated by org.testng.reporters.JUnitReportReporter -->
<testsuite skipped="0" hostname="DESKTOP-E8R6GVD" name="tests.FirstProgram" tests="1" failures="0" timestamp="16 Jul 2021 18:29:14 GMT" time="11.099" errors="0">
  <testcase name="openMyBlog" time="11.099" classname="tests.FirstProgram"/>
</testsuite> <!-- tests.FirstProgram -->
