<?xml version="1.0" encoding="UTF-8"?>
<!-- Generated by org.testng.reporters.JUnitReportReporter -->
<testsuite skipped="0" hostname="DESKTOP-E8R6GVD" name="testNG_Programs.SampleTest" tests="1" failures="0" timestamp="2021-06-11T09:03:29 IST" time="19.625" errors="0">
  <testcase name="WindowScroll_test" time="19.625" classname="testNG_Programs.SampleTest"/>
  <system-out/>
</testsuite> <!-- testNG_Programs.SampleTest -->
