<?xml version="1.0" encoding="UTF-8"?>
<!-- Generated by org.testng.reporters.JUnitReportReporter -->
<testsuite skipped="0" hostname="DESKTOP-E8R6GVD" name="testNG_Programs.MultipleWindowTest" tests="1" failures="0" timestamp="2021-06-11T09:22:07 IST" time="29.860" errors="0">
  <testcase name="multipleWindows_test" time="29.860" classname="testNG_Programs.MultipleWindowTest"/>
  <system-out/>
</testsuite> <!-- testNG_Programs.MultipleWindowTest -->
