<?xml version="1.0" encoding="UTF-8"?>
<!-- Generated by org.testng.reporters.JUnitReportReporter -->
<testsuite skipped="0" hostname="DESKTOP-E8R6GVD" name="testNG_Parallel.FirstTestNGProg" tests="3" failures="0" timestamp="2021-06-10T09:18:13 IST" time="73.337" errors="0">
  <testcase name="Linkedin_test" time="25.657" classname="testNG_Parallel.FirstTestNGProg"/>
  <system-out/>
  <testcase name="Linkedin_test" time="24.689" classname="testNG_Parallel.FirstTestNGProg"/>
  <system-out/>
  <testcase name="Linkedin_test" time="22.991" classname="testNG_Parallel.FirstTestNGProg"/>
  <system-out/>
</testsuite> <!-- testNG_Parallel.FirstTestNGProg -->
