<?xml version="1.0" encoding="UTF-8"?>
<!-- Generated by org.testng.reporters.JUnitReportReporter -->
<testsuite skipped="0" hostname="DESKTOP-E8R6GVD" name="testNG_Programs.SampleTest" tests="1" failures="0" timestamp="2021-06-16T17:16:54 IST" time="39.710" errors="0">
  <testcase name="browserCommands_test" time="39.710" classname="testNG_Programs.SampleTest"/>
  <system-out/>
</testsuite> <!-- testNG_Programs.SampleTest -->
