<?xml version="1.0" encoding="UTF-8"?>
<!-- Generated by org.testng.reporters.JUnitReportReporter -->
<testsuite skipped="0" hostname="DESKTOP-E8R6GVD" name="testNG_Programs.DataProviderTest2" tests="1" failures="0" timestamp="2021-06-09T08:47:19 IST" time="67.181" errors="0">
  <testcase name="Dataprovider_Test" time="67.181" classname="testNG_Programs.DataProviderTest2"/>
  <system-out/>
</testsuite> <!-- testNG_Programs.DataProviderTest2 -->
