<?xml version="1.0" encoding="UTF-8"?>
<!-- Generated by org.testng.reporters.JUnitReportReporter -->
<testsuite skipped="0" hostname="DESKTOP-E8R6GVD" name="testNG_Programs.DataProviderTest" tests="4" failures="0" timestamp="2021-06-14T08:36:57 IST" time="69.042" errors="0">
  <testcase name="Dataprovider_Test" time="16.662" classname="testNG_Programs.DataProviderTest"/>
  <system-out/>
  <testcase name="Dataprovider_Test" time="16.633" classname="testNG_Programs.DataProviderTest"/>
  <system-out/>
  <testcase name="Dataprovider_Test" time="19.180" classname="testNG_Programs.DataProviderTest"/>
  <system-out/>
  <testcase name="Dataprovider_Test" time="16.567" classname="testNG_Programs.DataProviderTest"/>
  <system-out/>
</testsuite> <!-- testNG_Programs.DataProviderTest -->
