<?xml version="1.0" encoding="UTF-8"?>
<!-- Generated by org.testng.reporters.JUnitReportReporter -->
<testsuite skipped="0" hostname="DESKTOP-E8R6GVD" name="testNG_Programs.DataDrivenTesting" tests="1" failures="0" timestamp="2021-06-14T09:22:08 IST" time="53.332" errors="0">
  <testcase name="DataDrivenTestingExample" time="53.332" classname="testNG_Programs.DataDrivenTesting"/>
  <system-out/>
</testsuite> <!-- testNG_Programs.DataDrivenTesting -->
