<?xml version="1.0" encoding="UTF-8"?>
<!-- Generated by org.testng.reporters.JUnitReportReporter -->
<testsuite skipped="0" hostname="DESKTOP-E8R6GVD" name="testNG_Programs.FirstTestNGProg" tests="1" failures="0" timestamp="2021-06-10T09:24:58 IST" time="24.520" errors="0">
  <testcase name="Linkedin_test" time="24.520" classname="testNG_Programs.FirstTestNGProg"/>
  <system-out/>
</testsuite> <!-- testNG_Programs.FirstTestNGProg -->
